#-----------------------------------------------------------
# Vivado v2018.2 (64-bit)
# SW Build 2258646 on Thu Jun 14 20:02:38 MDT 2018
# IP Build 2256618 on Thu Jun 14 22:10:49 MDT 2018
# Start of session at: Fri May 13 17:34:58 2022
# Process ID: 180657
# Current directory: /home/guerbett/Repositories/c-compiler-project
# Command line: vivado
# Log file: /home/guerbett/Repositories/c-compiler-project/vivado.log
# Journal file: /home/guerbett/Repositories/c-compiler-project/vivado.jou
#-----------------------------------------------------------
start_gui
open_project /home/guerbett/Repositories/c-compiler-project/archi_mat/pipeline/pipeline.xpr
Scanning sources...
Finished scanning sources
INFO: [IP_Flow 19-234] Refreshing IP repositories
INFO: [IP_Flow 19-1704] No user IP repositories specified
INFO: [IP_Flow 19-2313] Loaded Vivado IP repository '/usr/local/insa/Xilinx.VIVADO/Vivado/2018.2/data/ip'.
open_project: Time (s): cpu = 00:00:13 ; elapsed = 00:00:07 . Memory (MB): peak = 6307.590 ; gain = 82.617 ; free physical = 119365 ; free virtual = 144662
update_compile_order -fileset sources_1
