
*** Running vivado
    with args -log ALU.vds -m64 -product Vivado -mode batch -messageDb vivado.pb -notrace -source ALU.tcl


****** Vivado v2018.2 (64-bit)
  **** SW Build 2258646 on Thu Jun 14 20:02:38 MDT 2018
  **** IP Build 2256618 on Thu Jun 14 22:10:49 MDT 2018
    ** Copyright 1986-2018 Xilinx, Inc. All Rights Reserved.

source ALU.tcl -notrace
Command: synth_design -top ALU -part xc7k70tfbv676-1
Starting synth_design
Attempting to get a license for feature 'Synthesis' and/or device 'xc7k70t'
INFO: [Common 17-349] Got license for feature 'Synthesis' and/or device 'xc7k70t'
INFO: Launching helper process for spawning children vivado processes
INFO: Helper process launched with PID 28282 
---------------------------------------------------------------------------------
Starting Synthesize : Time (s): cpu = 00:00:01 ; elapsed = 00:00:02 . Memory (MB): peak = 1255.273 ; gain = 83.828 ; free physical = 56612 ; free virtual = 69016
---------------------------------------------------------------------------------
INFO: [Synth 8-638] synthesizing module 'ALU' [/home/guerbett/Repositories/c-compiler-project/archi_mat/microprocesseur/microprocesseur.srcs/sources_1/new/ALU.vhd:45]
ERROR: [Synth 8-690] width mismatch in assignment; target has 16 bits, source has 32 bits [/home/guerbett/Repositories/c-compiler-project/archi_mat/microprocesseur/microprocesseur.srcs/sources_1/new/ALU.vhd:57]
ERROR: [Synth 8-285] failed synthesizing module 'ALU' [/home/guerbett/Repositories/c-compiler-project/archi_mat/microprocesseur/microprocesseur.srcs/sources_1/new/ALU.vhd:45]
---------------------------------------------------------------------------------
Finished Synthesize : Time (s): cpu = 00:00:02 ; elapsed = 00:00:02 . Memory (MB): peak = 1299.898 ; gain = 128.453 ; free physical = 56624 ; free virtual = 69028
---------------------------------------------------------------------------------
synthesize failed
INFO: [Common 17-83] Releasing license: Synthesis
3 Infos, 0 Warnings, 0 Critical Warnings and 3 Errors encountered.
synth_design failed
ERROR: [Common 17-69] Command failed: Vivado Synthesis failed
INFO: [Common 17-206] Exiting Vivado at Fri Apr  8 12:07:05 2022...
