INFO: [VRFC 10-163] Analyzing VHDL file "/home/guerbett/Repositories/c-compiler-project/archi_mat/microprocesseur/microprocesseur.srcs/sources_1/new/ALU.vhd" into library xil_defaultlib
INFO: [VRFC 10-307] analyzing entity ALU
ERROR: [VRFC 10-1449] this construct is only supported in VHDL 1076-2008 [/home/guerbett/Repositories/c-compiler-project/archi_mat/microprocesseur/microprocesseur.srcs/sources_1/new/ALU.vhd:56]
ERROR: [VRFC 10-1504] unit behavioral ignored due to previous errors [/home/guerbett/Repositories/c-compiler-project/archi_mat/microprocesseur/microprocesseur.srcs/sources_1/new/ALU.vhd:45]
INFO: [VRFC 10-240] VHDL file /home/guerbett/Repositories/c-compiler-project/archi_mat/microprocesseur/microprocesseur.srcs/sources_1/new/ALU.vhd ignored due to errors
INFO: [VRFC 10-163] Analyzing VHDL file "/home/guerbett/Repositories/c-compiler-project/archi_mat/microprocesseur/microprocesseur.srcs/sources_1/new/ALU.vhd" into library xil_defaultlib
INFO: [VRFC 10-307] analyzing entity ALU
INFO: [VRFC 10-163] Analyzing VHDL file "/home/guerbett/Repositories/c-compiler-project/archi_mat/microprocesseur/microprocesseur.srcs/sources_1/new/ALU.vhd" into library xil_defaultlib
INFO: [VRFC 10-307] analyzing entity ALU
INFO: [VRFC 10-163] Analyzing VHDL file "/home/guerbett/Repositories/c-compiler-project/archi_mat/microprocesseur/microprocesseur.srcs/sources_1/new/ALU.vhd" into library xil_defaultlib
INFO: [VRFC 10-307] analyzing entity ALU
INFO: [VRFC 10-163] Analyzing VHDL file "/home/guerbett/Repositories/c-compiler-project/archi_mat/microprocesseur/microprocesseur.srcs/sources_1/new/ALU.vhd" into library xil_defaultlib
INFO: [VRFC 10-307] analyzing entity ALU
INFO: [VRFC 10-163] Analyzing VHDL file "/home/guerbett/Repositories/c-compiler-project/archi_mat/microprocesseur/microprocesseur.srcs/sources_1/new/ALU.vhd" into library xil_defaultlib
INFO: [VRFC 10-307] analyzing entity ALU
INFO: [VRFC 10-163] Analyzing VHDL file "/home/guerbett/Repositories/c-compiler-project/archi_mat/V1/microprocesseur/microprocesseur.srcs/sources_1/new/ALU.vhd" into library xil_defaultlib
INFO: [VRFC 10-307] analyzing entity ALU
INFO: [VRFC 10-163] Analyzing VHDL file "/home/guerbett/Repositories/c-compiler-project/archi_mat/V1/microprocesseur/microprocesseur.srcs/sim_1/new/ALU_TEST.vhd" into library xil_defaultlib
INFO: [VRFC 10-307] analyzing entity ALU_TEST
INFO: [VRFC 10-163] Analyzing VHDL file "/home/guerbett/Repositories/c-compiler-project/archi_mat/V1/microprocesseur/microprocesseur.srcs/sim_1/new/ALU_TEST.vhd" into library xil_defaultlib
INFO: [VRFC 10-307] analyzing entity ALU_TEST
INFO: [VRFC 10-163] Analyzing VHDL file "/home/guerbett/Repositories/c-compiler-project/archi_mat/V1/microprocesseur/microprocesseur.srcs/sources_1/new/ALU.vhd" into library xil_defaultlib
INFO: [VRFC 10-307] analyzing entity ALU
INFO: [VRFC 10-163] Analyzing VHDL file "/home/guerbett/Repositories/c-compiler-project/archi_mat/V1/microprocesseur/microprocesseur.srcs/sim_1/new/ALU_TEST.vhd" into library xil_defaultlib
INFO: [VRFC 10-307] analyzing entity ALU_TEST
INFO: [VRFC 10-163] Analyzing VHDL file "/home/guerbett/Repositories/c-compiler-project/archi_mat/V1/microprocesseur/microprocesseur.srcs/sources_1/new/ALU.vhd" into library xil_defaultlib
INFO: [VRFC 10-307] analyzing entity ALU
INFO: [VRFC 10-163] Analyzing VHDL file "/home/guerbett/Repositories/c-compiler-project/archi_mat/V1/microprocesseur/microprocesseur.srcs/sources_1/new/ALU.vhd" into library xil_defaultlib
INFO: [VRFC 10-307] analyzing entity ALU
INFO: [VRFC 10-163] Analyzing VHDL file "/home/guerbett/Repositories/c-compiler-project/archi_mat/V1/microprocesseur/microprocesseur.srcs/sources_1/new/ALU.vhd" into library xil_defaultlib
INFO: [VRFC 10-307] analyzing entity ALU
